<?xml version="1.0" encoding="UTF-8"?>
<!-- Generated by org.testng.reporters.JUnitXMLReporter -->
<testsuite ignored="0" hostname="TOSHIBA-PC" failures="0" tests="4" name="Default test" time="87.536" errors="0" timestamp="2020-10-27T23:42:08 CDT">
  <testcase classname="org.automation.facebook.testcases.TC_001_ValidateLoginFunctionality" name="TC_001_Login_Functionality" time="5.609"/>
  <testcase classname="org.automation.facebook.testcases.TC_001_ValidateLoginFunctionality" name="TC_001_Login_Functionality" time="5.424"/>
  <testcase classname="org.automation.facebook.testcases.TC_001_ValidateLoginFunctionality" name="TC_001_Login_Functionality" time="5.403"/>
  <testcase classname="org.automation.facebook.testcases.TC_001_ValidateLoginFunctionality" name="TC_001_Login_Functionality" time="5.433"/>
</testsuite> <!-- Default test -->
