<?xml version="1.0" encoding="UTF-8"?>
<!-- Generated by org.testng.reporters.JUnitXMLReporter -->
<testsuite ignored="0" hostname="TOSHIBA-PC" failures="0" tests="2" name="Test1" time="35.134" errors="0" timestamp="2020-11-13T04:21:25 CST">
  <testcase classname="org.automation.facebook.testcases.TC_003_ValidateLoginFunctionality" name="TC_001_Login_Functionality" time="5.438"/>
  <testcase classname="org.automation.facebook.testcases.TC_003_ValidateLoginFunctionality" name="TC_001_Login_Functionality" time="5.388"/>
</testsuite> <!-- Test1 -->
