<?xml version="1.0" encoding="UTF-8"?>
<!-- Generated by org.testng.reporters.JUnitXMLReporter -->
<testsuite ignored="0" hostname="TOSHIBA-PC" failures="0" tests="3" name="Default test" time="53.092" errors="0" timestamp="2020-10-27T04:54:32 CDT">
  <testcase classname="org.automation.facebook.testcases.TC_001_ValidateLoginFunctionality" name="TC_001_Login_Functionality" time="6.413"/>
  <testcase classname="org.automation.facebook.testcases.TC_001_ValidateLoginFunctionality" name="TC_001_Login_Functionality" time="5.462"/>
  <testcase classname="org.automation.facebook.testcases.TC_001_ValidateLoginFunctionality" name="TC_001_Login_Functionality" time="5.4"/>
</testsuite> <!-- Default test -->
