<?xml version="1.0" encoding="UTF-8" standalone="no"?>
<testsuite errors="0" failures="0" name="io.cucumber.core.plugin.JUnitFormatter" skipped="0" tests="2" time="12.395">
    <testcase classname="feature to test google search functionality" name="Validate Google Search is working" time="11.941">
        <system-out><![CDATA[Given Broswer is open.......................................................passed
And user is on Google Search page...........................................passed
When user enters a text in search box.......................................passed
And hits enter button.......................................................passed
Then user is navigated to the search results................................passed
]]></system-out>
    </testcase>
    <testcase classname="Feature to login functionality" name="Check login is successful with valid credentials" time="0.017">
        <system-out><![CDATA[Given user is on login page.................................................passed
When user clicks enters username and password...............................passed
And clicks on login button..................................................passed
Then user is navigated to the home page.....................................passed
]]></system-out>
    </testcase>
</testsuite>
